<?xml version="1.0" encoding="UTF-8"?>
<!-- Generated by org.testng.reporters.JUnitXMLReporter -->
<testsuite hostname="WKWIN0417776" ignored="0" name="Test" tests="6" failures="0" timestamp="2020-08-04T16:16:54 IST" time="1.592" errors="0">
  <testcase name="tc3" time="1.069" classname="org.testing.TestScripts.GetRequestWithQueryParam"/>
  <testcase name="tc1" time="0.306" classname="org.testing.TestScripts.PostRequestTC"/>
  <testcase name="tc6" time="0.1" classname="org.testing.TestScripts.DeleteRequestTC"/>
  <testcase name="tc5" time="0.016" classname="org.testing.TestScripts.PatchRequestTC"/>
  <testcase name="tc4" time="0.016" classname="org.testing.TestScripts.PutRequestTC"/>
  <testcase name="tc2" time="0.017" classname="org.testing.TestScripts.GetRequestTC"/>
</testsuite> <!-- Test -->
