<?xml version="1.0" encoding="UTF-8"?>
<testng-results skipped="0" failed="0" ignored="0" total="6" passed="6">
  <reporter-output>
  </reporter-output>
  <suite name="Suite" duration-ms="1592" started-at="2020-08-04T16:16:53 IST" finished-at="2020-08-04T16:16:54 IST">
    <groups>
    </groups>
    <test name="Test" duration-ms="1592" started-at="2020-08-04T16:16:53 IST" finished-at="2020-08-04T16:16:54 IST">
      <class name="org.testing.TestScripts.PatchRequestTC">
        <test-method status="PASS" signature="tc5()[pri:0, instance:org.testing.TestScripts.PatchRequestTC@131276c2]" name="tc5" duration-ms="16" started-at="2020-08-04T16:16:54 IST" finished-at="2020-08-04T16:16:54 IST">
          <reporter-output>
          </reporter-output>
        </test-method> <!-- tc5 -->
      </class> <!-- org.testing.TestScripts.PatchRequestTC -->
      <class name="org.testing.TestScripts.GetRequestWithQueryParam">
        <test-method status="PASS" signature="tc3()[pri:0, instance:org.testing.TestScripts.GetRequestWithQueryParam@1f554b06]" name="tc3" duration-ms="1069" started-at="2020-08-04T16:16:53 IST" finished-at="2020-08-04T16:16:54 IST">
          <reporter-output>
          </reporter-output>
        </test-method> <!-- tc3 -->
      </class> <!-- org.testing.TestScripts.GetRequestWithQueryParam -->
      <class name="org.testing.TestScripts.PostRequestTC">
        <test-method status="PASS" signature="tc1()[pri:0, instance:org.testing.TestScripts.PostRequestTC@694e1548]" name="tc1" duration-ms="306" started-at="2020-08-04T16:16:54 IST" finished-at="2020-08-04T16:16:54 IST">
          <reporter-output>
          </reporter-output>
        </test-method> <!-- tc1 -->
      </class> <!-- org.testing.TestScripts.PostRequestTC -->
      <class name="org.testing.TestScripts.DeleteRequestTC">
        <test-method status="PASS" signature="tc6()[pri:0, instance:org.testing.TestScripts.DeleteRequestTC@1c3a4799]" name="tc6" duration-ms="100" started-at="2020-08-04T16:16:54 IST" finished-at="2020-08-04T16:16:54 IST">
          <reporter-output>
          </reporter-output>
        </test-method> <!-- tc6 -->
      </class> <!-- org.testing.TestScripts.DeleteRequestTC -->
      <class name="org.testing.TestScripts.PutRequestTC">
        <test-method status="PASS" signature="tc4()[pri:0, instance:org.testing.TestScripts.PutRequestTC@26aa12dd]" name="tc4" duration-ms="16" started-at="2020-08-04T16:16:54 IST" finished-at="2020-08-04T16:16:54 IST">
          <reporter-output>
          </reporter-output>
        </test-method> <!-- tc4 -->
      </class> <!-- org.testing.TestScripts.PutRequestTC -->
      <class name="org.testing.TestScripts.GetRequestTC">
        <test-method status="PASS" signature="tc2()[pri:0, instance:org.testing.TestScripts.GetRequestTC@3fd7a715]" name="tc2" duration-ms="17" started-at="2020-08-04T16:16:54 IST" finished-at="2020-08-04T16:16:54 IST">
          <reporter-output>
          </reporter-output>
        </test-method> <!-- tc2 -->
      </class> <!-- org.testing.TestScripts.GetRequestTC -->
    </test> <!-- Test -->
  </suite> <!-- Suite -->
</testng-results>
